<?xml version="1.0" encoding="UTF-8"?>
<!-- Generated by org.testng.reporters.JUnitReportReporter -->
<testsuite hostname="DESKTOP-Q9U7V40" failures="0" tests="4" name="TestCases.TC_LoginTest001" time="13.827" errors="0" timestamp="2024-03-03T19:52:38 IST" skipped="0">
  <testcase classname="TestCases.TC_LoginTest001" name="PagTitle" time="0.025"/>
  <testcase classname="TestCases.TC_LoginTest001" name="PageLogo" time="0.098"/>
  <testcase classname="TestCases.TC_LoginTest001" name="usernameandpassword" time="3.598"/>
  <testcase classname="TestCases.TC_LoginTest001" name="homepageloginverification" time="10.106"/>
</testsuite> <!-- TestCases.TC_LoginTest001 -->
