<?xml version="1.0" encoding="UTF-8"?>
<!-- Generated by org.testng.reporters.JUnitReportReporter -->
<testsuite hostname="DESKTOP-Q9U7V40" failures="0" tests="4" name="TestCases.TC_LoginDDT_002" time="47.961" errors="0" timestamp="2024-02-28T15:25:45 IST" skipped="0">
  <testcase classname="TestCases.TC_LoginDDT_002" name="loginDDT" time="15.682"/>
  <testcase classname="TestCases.TC_LoginDDT_002" name="loginDDT" time="10.747"/>
  <testcase classname="TestCases.TC_LoginDDT_002" name="loginDDT" time="10.816"/>
  <testcase classname="TestCases.TC_LoginDDT_002" name="loginDDT" time="10.716"/>
</testsuite> <!-- TestCases.TC_LoginDDT_002 -->
