<?xml version="1.0" encoding="UTF-8"?>
<!-- Generated by org.testng.reporters.JUnitReportReporter -->
<testsuite hostname="DESKTOP-Q9U7V40" failures="0" tests="1" name="TestCases.TC_HomePage_003" time="13.089" errors="0" timestamp="2024-02-28T15:25:45 IST" skipped="0">
  <testcase classname="TestCases.TC_HomePage_003" name="saucebackpack" time="13.089"/>
</testsuite> <!-- TestCases.TC_HomePage_003 -->
