<?xml version="1.0" encoding="UTF-8"?>
<!-- Generated by org.testng.reporters.JUnitReportReporter -->
<testsuite hostname="DESKTOP-Q9U7V40" failures="0" tests="4" name="TestCases.TC_Products_004" time="33.799" errors="0" timestamp="2024-03-14T10:39:54 IST" skipped="0">
  <testcase classname="TestCases.TC_Products_004" name="logintest" time="27.195"/>
  <testcase classname="TestCases.TC_Products_004" name="crossbrowser" time="0.220"/>
  <testcase classname="TestCases.TC_Products_004" name="platformt" time="0.095"/>
  <testcase classname="TestCases.TC_Products_004" name="orchastrate" time="6.289"/>
</testsuite> <!-- TestCases.TC_Products_004 -->
