<?xml version="1.0" encoding="UTF-8"?>
<!-- Generated by org.testng.reporters.JUnitReportReporter -->
<testsuite hostname="DESKTOP-Q9U7V40" failures="0" tests="2" name="TestCases.TC_LoginTest001" time="3.712" errors="0" timestamp="2024-02-28T15:25:45 IST" skipped="0">
  <testcase classname="TestCases.TC_LoginTest001" name="LoginTest" time="3.506"/>
  <testcase classname="TestCases.TC_LoginTest001" name="failedcase" time="0.206"/>
</testsuite> <!-- TestCases.TC_LoginTest001 -->
