<?xml version="1.0" encoding="UTF-8"?>
<!-- Generated by org.testng.reporters.JUnitReportReporter -->
<testsuite hostname="DESKTOP-Q9U7V40" failures="0" tests="4" name="TestCases.TC_LoginTest001" time="3.429" errors="0" timestamp="2024-03-03T14:31:07 IST" skipped="0">
  <testcase classname="TestCases.TC_LoginTest001" name="PagTitle" time="0.013"/>
  <testcase classname="TestCases.TC_LoginTest001" name="PageLogo" time="0.084"/>
  <testcase classname="TestCases.TC_LoginTest001" name="usernameandpassword" time="3.329"/>
  <testcase classname="TestCases.TC_LoginTest001" name="homepageloginverification" time="0.003"/>
</testsuite> <!-- TestCases.TC_LoginTest001 -->
