<?xml version="1.0" encoding="UTF-8"?>
<!-- Generated by org.testng.reporters.JUnitReportReporter -->
<testsuite hostname="DESKTOP-Q9U7V40" failures="0" tests="4" name="TestCases.TC_LoginDDT_002" time="48.533" errors="0" timestamp="2024-02-29T09:27:22 IST" skipped="0">
  <testcase classname="TestCases.TC_LoginDDT_002" name="loginDDT" time="10.755"/>
  <testcase classname="TestCases.TC_LoginDDT_002" name="loginDDT" time="11.097"/>
  <testcase classname="TestCases.TC_LoginDDT_002" name="loginDDT" time="15.727"/>
  <testcase classname="TestCases.TC_LoginDDT_002" name="loginDDT" time="10.954"/>
</testsuite> <!-- TestCases.TC_LoginDDT_002 -->
