<?xml version="1.0" encoding="UTF-8"?>
<!-- Generated by org.testng.reporters.JUnitReportReporter -->
<testsuite hostname="DESKTOP-Q9U7V40" failures="0" tests="4" name="TestCases.TC_Products_004" time="33.234" errors="0" timestamp="2024-03-04T09:04:53 IST" skipped="1">
  <testcase classname="TestCases.TC_Products_004" name="logintest" time="26.639"/>
  <testcase classname="TestCases.TC_Products_004" name="crossbrowser" time="0.312"/>
  <testcase classname="TestCases.TC_Products_004" name="orchastrate" time="6.283"/>
  <testcase classname="TestCases.TC_Products_004" name="platformt">
    <skipped/>
  </testcase> <!-- platformt -->
</testsuite> <!-- TestCases.TC_Products_004 -->
