<?xml version="1.0" encoding="UTF-8"?>
<!-- Generated by org.testng.reporters.JUnitReportReporter -->
<testsuite hostname="DESKTOP-Q9U7V40" failures="0" tests="4" name="TestCases.TC_LoginTest001" time="14.035" errors="0" timestamp="2024-03-07T10:24:34 IST" skipped="0">
  <testcase classname="TestCases.TC_LoginTest001" name="PagTitle" time="0.310"/>
  <testcase classname="TestCases.TC_LoginTest001" name="PageLogo" time="0.049"/>
  <testcase classname="TestCases.TC_LoginTest001" name="usernameandpassword" time="3.652"/>
  <testcase classname="TestCases.TC_LoginTest001" name="homepageloginverification" time="10.024"/>
</testsuite> <!-- TestCases.TC_LoginTest001 -->
