<?xml version="1.0" encoding="UTF-8"?>
<!-- Generated by org.testng.reporters.JUnitReportReporter -->
<testsuite hostname="DESKTOP-Q9U7V40" failures="0" tests="2" name="TestCases.TC_LoginTest001" time="3.571" errors="0" timestamp="2024-02-29T09:27:22 IST" skipped="0">
  <testcase classname="TestCases.TC_LoginTest001" name="LoginTest" time="3.424"/>
  <testcase classname="TestCases.TC_LoginTest001" name="failedcase" time="0.147"/>
</testsuite> <!-- TestCases.TC_LoginTest001 -->
